\BOOKMARK [0][-]{chapter.1}{Introducci\363n}{}% 1
\BOOKMARK [0][-]{chapter.2}{Metodolog\355a}{}% 2
\BOOKMARK [1][-]{section.2.1}{Justificaci\363n}{chapter.2}% 3
\BOOKMARK [1][-]{section.2.2}{Preguntas de investigaci\363n}{chapter.2}% 4
\BOOKMARK [1][-]{section.2.3}{Protocolo de revisi\363n}{chapter.2}% 5
\BOOKMARK [2][-]{subsection.2.3.1}{Motores de b\372squeda}{section.2.3}% 6
\BOOKMARK [2][-]{subsection.2.3.2}{T\351rminos de b\372squeda}{section.2.3}% 7
\BOOKMARK [2][-]{subsection.2.3.3}{Criterios de selecci\363n}{section.2.3}% 8
\BOOKMARK [2][-]{subsection.2.3.4}{Esquema para la extracci\363n de datos}{section.2.3}% 9
\BOOKMARK [2][-]{subsection.2.3.5}{Visualizaci\363n y an\341lisis de los datos}{section.2.3}% 10
\BOOKMARK [0][-]{chapter.3}{Resultados}{}% 11
\BOOKMARK [1][-]{section.3.1}{Localizaci\363n de la literatura}{chapter.3}% 12
\BOOKMARK [1][-]{section.3.2}{Esquema de clasificaci\363n y mapeo del estudio}{chapter.3}% 13
\BOOKMARK [1][-]{section.3.3}{Esquema de clasificaci\363n}{chapter.3}% 14
\BOOKMARK [2][-]{subsection.3.3.1}{Course\220s Learning Outcomes \(CLO\) and rubrics}{section.3.3}% 15
\BOOKMARK [2][-]{subsection.3.3.2}{Peer and self eAssessment}{section.3.3}% 16
\BOOKMARK [2][-]{subsection.3.3.3}{Game-Based Learning \(GBL\)}{section.3.3}% 17
\BOOKMARK [2][-]{subsection.3.3.4}{eAssessment and reviews}{section.3.3}% 18
\BOOKMARK [0][-]{chapter.4}{Conclusiones}{}% 19
\BOOKMARK [0][-]{chapter.4}{Bibliografia y referencias}{}% 20
